
1524168 : 0xa98fd239fdf071 : 1 : spill_jit_data :  Jit agent is not initialized
1524128 : 0xa98fd23a569921 : 2 : ittapi_config_mask_get :  --itt-config mask to be applied: 5
1524128 : 0xa98fd23a56c443 : 2 : ittapi_config_apply_per_lib :  ITTAPI function instrumented: __itt_domain_create
1524128 : 0xa98fd23a56d55f : 2 : ittapi_config_apply_per_lib :  ITTAPI function instrumented: __itt_module_load_with_sections
1524128 : 0xa98fd23a56f627 : 2 : ittapi_config_apply_per_lib :  ITTAPI function not implemented: __itt_module_unload_with_sections
1524128 : 0xa98fd23a5701ed : 2 : ittapi_config_apply_per_lib :  ITTAPI function instrumented: __itt_string_handle_create
1524128 : 0xa98fd23a570c4d : 2 : ittapi_config_apply_per_lib :  ITTAPI function instrumented: __itt_counter_create
1524128 : 0xa98fd23a57164b : 2 : ittapi_config_apply_per_lib :  ITTAPI function instrumented: __itt_counter_create_typed
1524128 : 0xa98fd23a572141 : 2 : ittapi_config_apply_per_lib :  ITTAPI function instrumented: __itt_pause
1524128 : 0xa98fd23a572b65 : 2 : ittapi_config_apply_per_lib :  ITTAPI function instrumented: __itt_resume
1524128 : 0xa98fd23aca8f07 : 2 : ittapi_config_apply_per_lib :  ITTAPI function instrumented: __itt_thread_set_name
1524128 : 0xa98fd23acb0c3d : 2 : ittapi_config_apply_per_lib :  ITTAPI function instrumented: __itt_thread_ignore
1524128 : 0xa98fd23acb1669 : 2 : ittapi_config_apply_per_lib :  ITTAPI function instrumented: __itt_thr_name_set
1524128 : 0xa98fd23acb1f65 : 2 : ittapi_config_apply_per_lib :  ITTAPI function instrumented: __itt_thr_ignore
1524128 : 0xa98fd23acb320d : 2 : ittapi_config_apply_per_lib :  ITTAPI function not implemented: __itt_enable_attach
1524128 : 0xa98fd23acb3d41 : 2 : ittapi_config_apply_per_lib :  ITTAPI function instrumented: __itt_detach
1524128 : 0xa98fd23acb44e3 : 2 : ittapi_config_apply_per_lib :  ITTAPI function NOT instrumented (not matched by --itt-config option): __itt_sync_create

1524128 : 0xa98fd23acb4c51 : 2 : ittapi_config_apply_per_lib :  ITTAPI function NOT instrumented (not matched by --itt-config option): __itt_sync_rename

1524128 : 0xa98fd23acb52df : 2 : ittapi_config_apply_per_lib :  ITTAPI function NOT instrumented (not matched by --itt-config option): __itt_sync_destroy

1524128 : 0xa98fd23acb5859 : 2 : ittapi_config_apply_per_lib :  ITTAPI function NOT instrumented (not matched by --itt-config option): __itt_sync_prepare

1524128 : 0xa98fd23b4a068f : 2 : ittapi_config_apply_per_lib :  ITTAPI function NOT instrumented (not matched by --itt-config option): __itt_sync_cancel

1524128 : 0xa98fd23b4a22c7 : 2 : ittapi_config_apply_per_lib :  ITTAPI function NOT instrumented (not matched by --itt-config option): __itt_sync_acquired

1524128 : 0xa98fd23b4a2abf : 2 : ittapi_config_apply_per_lib :  ITTAPI function NOT instrumented (not matched by --itt-config option): __itt_sync_releasing

1524128 : 0xa98fd23b4a4261 : 2 : ittapi_config_apply_per_lib :  ITTAPI function not implemented: __itt_suppress_push
1524128 : 0xa98fd23b4a52db : 2 : ittapi_config_apply_per_lib :  ITTAPI function not implemented: __itt_suppress_pop
1524128 : 0xa98fd23b4a5e9d : 2 : ittapi_config_apply_per_lib :  ITTAPI function not implemented: __itt_suppress_mark_range
1524128 : 0xa98fd23b4a6999 : 2 : ittapi_config_apply_per_lib :  ITTAPI function not implemented: __itt_suppress_clear_range
1524128 : 0xa98fd23b4a6fbb : 2 : ittapi_config_apply_per_lib :  ITTAPI function NOT instrumented (not matched by --itt-config option): __itt_sync_prepare

1524128 : 0xa98fd23b4a7527 : 2 : ittapi_config_apply_per_lib :  ITTAPI function NOT instrumented (not matched by --itt-config option): __itt_sync_cancel

1524128 : 0xa98fd23b4a7aa7 : 2 : ittapi_config_apply_per_lib :  ITTAPI function NOT instrumented (not matched by --itt-config option): __itt_sync_acquired

1524128 : 0xa98fd23bd2bbeb : 2 : ittapi_config_apply_per_lib :  ITTAPI function NOT instrumented (not matched by --itt-config option): __itt_sync_releasing

1524128 : 0xa98fd23bd3606f : 2 : ittapi_config_apply_per_lib :  ITTAPI function NOT instrumented (not matched by --itt-config option): __itt_model_site_begin

1524128 : 0xa98fd23bd39887 : 2 : ittapi_config_apply_per_lib :  ITTAPI function NOT instrumented (not matched by --itt-config option): __itt_model_site_end

1524128 : 0xa98fd23bd3c00f : 2 : ittapi_config_apply_per_lib :  ITTAPI function NOT instrumented (not matched by --itt-config option): __itt_model_task_begin

1524128 : 0xa98fd23bd3eddd : 2 : ittapi_config_apply_per_lib :  ITTAPI function NOT instrumented (not matched by --itt-config option): __itt_model_task_end

1524128 : 0xa98fd23bd414d5 : 2 : ittapi_config_apply_per_lib :  ITTAPI function NOT instrumented (not matched by --itt-config option): __itt_model_lock_acquire

1524128 : 0xa98fd23bd4305b : 2 : ittapi_config_apply_per_lib :  ITTAPI function NOT instrumented (not matched by --itt-config option): __itt_model_lock_release

1524128 : 0xa98fd23bd4353f : 2 : ittapi_config_apply_per_lib :  ITTAPI function NOT instrumented (not matched by --itt-config option): __itt_model_record_allocation

1524128 : 0xa98fd23bd43a91 : 2 : ittapi_config_apply_per_lib :  ITTAPI function NOT instrumented (not matched by --itt-config option): __itt_model_record_deallocation

1524128 : 0xa98fd23bd44141 : 2 : ittapi_config_apply_per_lib :  ITTAPI function NOT instrumented (not matched by --itt-config option): __itt_model_induction_uses

1524128 : 0xa98fd23c4c938b : 2 : ittapi_config_apply_per_lib :  ITTAPI function NOT instrumented (not matched by --itt-config option): __itt_model_reduction_uses

1524128 : 0xa98fd23c4ccb3f : 2 : ittapi_config_apply_per_lib :  ITTAPI function NOT instrumented (not matched by --itt-config option): __itt_model_observe_uses

1524128 : 0xa98fd23c4cd1c3 : 2 : ittapi_config_apply_per_lib :  ITTAPI function NOT instrumented (not matched by --itt-config option): __itt_model_clear_uses

1524128 : 0xa98fd23c4cd7fd : 2 : ittapi_config_apply_per_lib :  ITTAPI function NOT instrumented (not matched by --itt-config option): __itt_model_site_beginA

1524128 : 0xa98fd23c4cddab : 2 : ittapi_config_apply_per_lib :  ITTAPI function NOT instrumented (not matched by --itt-config option): __itt_model_site_beginAL

1524128 : 0xa98fd23c4ce38f : 2 : ittapi_config_apply_per_lib :  ITTAPI function NOT instrumented (not matched by --itt-config option): __itt_model_task_beginA

1524128 : 0xa98fd23c4ce96d : 2 : ittapi_config_apply_per_lib :  ITTAPI function NOT instrumented (not matched by --itt-config option): __itt_model_task_beginAL

1524128 : 0xa98fd23c4cef81 : 2 : ittapi_config_apply_per_lib :  ITTAPI function NOT instrumented (not matched by --itt-config option): __itt_model_iteration_taskA

1524128 : 0xa98fd23c4cf549 : 2 : ittapi_config_apply_per_lib :  ITTAPI function NOT instrumented (not matched by --itt-config option): __itt_model_iteration_taskAL

1524128 : 0xa98fd23c4cfc41 : 2 : ittapi_config_apply_per_lib :  ITTAPI function NOT instrumented (not matched by --itt-config option): __itt_model_site_end_2

1524128 : 0xa98fd23ce3affd : 2 : ittapi_config_apply_per_lib :  ITTAPI function NOT instrumented (not matched by --itt-config option): __itt_model_task_end_2

1524128 : 0xa98fd23ce3bea9 : 2 : ittapi_config_apply_per_lib :  ITTAPI function NOT instrumented (not matched by --itt-config option): __itt_model_lock_acquire_2

1524128 : 0xa98fd23ce3c70b : 2 : ittapi_config_apply_per_lib :  ITTAPI function NOT instrumented (not matched by --itt-config option): __itt_model_lock_release_2

1524128 : 0xa98fd23ce3ce01 : 2 : ittapi_config_apply_per_lib :  ITTAPI function NOT instrumented (not matched by --itt-config option): __itt_model_aggregate_task

1524128 : 0xa98fd23ce3d543 : 2 : ittapi_config_apply_per_lib :  ITTAPI function NOT instrumented (not matched by --itt-config option): __itt_model_disable_push

1524128 : 0xa98fd23ce3dcbd : 2 : ittapi_config_apply_per_lib :  ITTAPI function NOT instrumented (not matched by --itt-config option): __itt_model_disable_pop

1524128 : 0xa98fd23ce3f0e1 : 2 : ittapi_config_apply_per_lib :  ITTAPI function instrumented: __itt_heap_function_create
1524128 : 0xa98fd23ce3fd33 : 2 : ittapi_config_apply_per_lib :  ITTAPI function instrumented: __itt_heap_allocate_begin
1524128 : 0xa98fd23ce407df : 2 : ittapi_config_apply_per_lib :  ITTAPI function instrumented: __itt_heap_allocate_end
1524128 : 0xa98fd23ce40fbb : 2 : ittapi_config_apply_per_lib :  ITTAPI function instrumented: __itt_heap_free_begin
1524128 : 0xa98fd23d544383 : 2 : ittapi_config_apply_per_lib :  ITTAPI function instrumented: __itt_heap_free_end
1524128 : 0xa98fd23d5452e1 : 2 : ittapi_config_apply_per_lib :  ITTAPI function instrumented: __itt_heap_reallocate_begin
1524128 : 0xa98fd23d545b77 : 2 : ittapi_config_apply_per_lib :  ITTAPI function instrumented: __itt_heap_reallocate_end
1524128 : 0xa98fd23d54726d : 2 : ittapi_config_apply_per_lib :  ITTAPI function not implemented: __itt_heap_internal_access_begin
1524128 : 0xa98fd23d547cd5 : 2 : ittapi_config_apply_per_lib :  ITTAPI function not implemented: __itt_heap_internal_access_end
1524128 : 0xa98fd23d549ae1 : 2 : ittapi_config_apply_per_lib :  ITTAPI function not implemented: __itt_heap_record_memory_growth_begin
1524128 : 0xa98fd23d54a3f9 : 2 : ittapi_config_apply_per_lib :  ITTAPI function not implemented: __itt_heap_record_memory_growth_end
1524128 : 0xa98fd23d54ad39 : 2 : ittapi_config_apply_per_lib :  ITTAPI function not implemented: __itt_heap_reset_detection
1524128 : 0xa98fd23d54bfab : 2 : ittapi_config_apply_per_lib :  ITTAPI function not implemented: __itt_heap_record
1524128 : 0xa98fd23d54c9db : 2 : ittapi_config_apply_per_lib :  ITTAPI function not implemented: __itt_id_create
1524128 : 0xa98fd23dc10129 : 2 : ittapi_config_apply_per_lib :  ITTAPI function not implemented: __itt_id_destroy
1524128 : 0xa98fd23dc15731 : 2 : ittapi_config_apply_per_lib :  ITTAPI function instrumented: __itt_get_timestamp
1524128 : 0xa98fd23dc18fd7 : 2 : ittapi_config_apply_per_lib :  ITTAPI function not implemented: __itt_region_begin
1524128 : 0xa98fd23dc1c0fb : 2 : ittapi_config_apply_per_lib :  ITTAPI function not implemented: __itt_region_end
1524128 : 0xa98fd23dc1f0cb : 2 : ittapi_config_apply_per_lib :  ITTAPI function instrumented: __itt_frame_begin_v3
1524128 : 0xa98fd23dc2198f : 2 : ittapi_config_apply_per_lib :  ITTAPI function instrumented: __itt_frame_end_v3
1524128 : 0xa98fd23dc2219f : 2 : ittapi_config_apply_per_lib :  ITTAPI function instrumented: __itt_frame_submit_v3
1524128 : 0xa98fd23dc22c7f : 2 : ittapi_config_apply_per_lib :  ITTAPI function not implemented: __itt_task_group
1524128 : 0xa98fd23dc234c9 : 2 : ittapi_config_apply_per_lib :  ITTAPI function instrumented: __itt_task_begin
1524128 : 0xa98fd23dc23c6b : 2 : ittapi_config_apply_per_lib :  ITTAPI function instrumented: __itt_task_begin_fn
1524128 : 0xa98fd23e39d443 : 2 : ittapi_config_apply_per_lib :  ITTAPI function instrumented: __itt_task_end
1524128 : 0xa98fd23e39f9bd : 2 : ittapi_config_apply_per_lib :  ITTAPI function NOT instrumented (not matched by --itt-config option): __itt_counter_inc_v3

1524128 : 0xa98fd23e3a0423 : 2 : ittapi_config_apply_per_lib :  ITTAPI function NOT instrumented (not matched by --itt-config option): __itt_counter_inc_delta_v3

1524128 : 0xa98fd23e3a0acf : 2 : ittapi_config_apply_per_lib :  ITTAPI function NOT instrumented (not matched by --itt-config option): __itt_counter_dec_v3

1524128 : 0xa98fd23e3a10d9 : 2 : ittapi_config_apply_per_lib :  ITTAPI function NOT instrumented (not matched by --itt-config option): __itt_counter_dec_delta_v3

1524128 : 0xa98fd23e3a29b1 : 2 : ittapi_config_apply_per_lib :  ITTAPI function not implemented: __itt_marker
1524128 : 0xa98fd23e3a3591 : 2 : ittapi_config_apply_per_lib :  ITTAPI function instrumented: __itt_metadata_add
1524128 : 0xa98fd23e3a9e6f : 2 : ittapi_config_apply_per_lib :  ITTAPI function not implemented: __itt_metadata_str_add
1524128 : 0xa98fd23e3aaa6d : 2 : ittapi_config_apply_per_lib :  ITTAPI function not implemented: __itt_relation_add_to_current
1524128 : 0xa98fd23e3ab4c9 : 2 : ittapi_config_apply_per_lib :  ITTAPI function not implemented: __itt_relation_add
1524128 : 0xa98fd23ebcd527 : 2 : ittapi_config_apply_per_lib :  ITTAPI function instrumented: __itt_event_create
1524128 : 0xa98fd23ebd6abd : 2 : ittapi_config_apply_per_lib :  ITTAPI function NOT instrumented (not matched by --itt-config option): __itt_event_start

1524128 : 0xa98fd23ebdad11 : 2 : ittapi_config_apply_per_lib :  ITTAPI function NOT instrumented (not matched by --itt-config option): __itt_event_end

1524128 : 0xa98fd23ebdb5df : 2 : ittapi_config_apply_per_lib :  ITTAPI function NOT instrumented (not matched by --itt-config option): __itt_sync_set_name

1524128 : 0xa98fd23ebdbe5d : 2 : ittapi_config_apply_per_lib :  ITTAPI function NOT instrumented (not matched by --itt-config option): __itt_notify_sync_name

1524128 : 0xa98fd23ebdc665 : 2 : ittapi_config_apply_per_lib :  ITTAPI function NOT instrumented (not matched by --itt-config option): __itt_notify_sync_prepare

1524128 : 0xa98fd23ebdce75 : 2 : ittapi_config_apply_per_lib :  ITTAPI function NOT instrumented (not matched by --itt-config option): __itt_notify_sync_cancel

1524128 : 0xa98fd23ebdd5ef : 2 : ittapi_config_apply_per_lib :  ITTAPI function NOT instrumented (not matched by --itt-config option): __itt_notify_sync_acquired

1524128 : 0xa98fd23ebdde99 : 2 : ittapi_config_apply_per_lib :  ITTAPI function NOT instrumented (not matched by --itt-config option): __itt_notify_sync_releasing

1524128 : 0xa98fd23ebdefed : 2 : ittapi_config_apply_per_lib :  ITTAPI function not implemented: __itt_memory_read
1524128 : 0xa98fd23f353ac7 : 2 : ittapi_config_apply_per_lib :  ITTAPI function not implemented: __itt_memory_write
1524128 : 0xa98fd23f35e45d : 2 : ittapi_config_apply_per_lib :  ITTAPI function not implemented: __itt_memory_update
1524128 : 0xa98fd23f363255 : 2 : ittapi_config_apply_per_lib :  ITTAPI function not implemented: __itt_state_get
1524128 : 0xa98fd23f369ae7 : 2 : ittapi_config_apply_per_lib :  ITTAPI function not implemented: __itt_state_set
1524128 : 0xa98fd23f36ffdf : 2 : ittapi_config_apply_per_lib :  ITTAPI function not implemented: __itt_obj_mode_set
1524128 : 0xa98fd23f370a4b : 2 : ittapi_config_apply_per_lib :  ITTAPI function not implemented: __itt_thr_mode_set
1524128 : 0xa98fd23f371549 : 2 : ittapi_config_apply_per_lib :  ITTAPI function instrumented: __itt_frame_create
1524128 : 0xa98fd23f371fbd : 2 : ittapi_config_apply_per_lib :  ITTAPI function instrumented: __itt_pt_region_create
1524128 : 0xa98fd23f372aef : 2 : ittapi_config_apply_per_lib :  ITTAPI function instrumented: __itt_frame_begin
1524128 : 0xa98fd23f373575 : 2 : ittapi_config_apply_per_lib :  ITTAPI function instrumented: __itt_frame_end
1524128 : 0xa98fd23fad3eb5 : 2 : ittapi_config_apply_per_lib :  ITTAPI function NOT instrumented (not matched by --itt-config option): __itt_counter_destroy

1524128 : 0xa98fd23fad612d : 2 : ittapi_config_apply_per_lib :  ITTAPI function NOT instrumented (not matched by --itt-config option): __itt_counter_inc

1524128 : 0xa98fd23fad693f : 2 : ittapi_config_apply_per_lib :  ITTAPI function NOT instrumented (not matched by --itt-config option): __itt_counter_inc_delta

1524128 : 0xa98fd23fad6f9d : 2 : ittapi_config_apply_per_lib :  ITTAPI function NOT instrumented (not matched by --itt-config option): __itt_counter_dec

1524128 : 0xa98fd23fad773b : 2 : ittapi_config_apply_per_lib :  ITTAPI function NOT instrumented (not matched by --itt-config option): __itt_counter_dec_delta

1524128 : 0xa98fd23fad7ca5 : 2 : ittapi_config_apply_per_lib :  ITTAPI function NOT instrumented (not matched by --itt-config option): __itt_counter_set_value

1524128 : 0xa98fd23fad8a0b : 2 : ittapi_config_apply_per_lib :  ITTAPI function NOT instrumented (not matched by --itt-config option): __itt_counter_set_value_ex

1524128 : 0xa98fd23fad9e75 : 2 : ittapi_config_apply_per_lib :  ITTAPI function not implemented: __itt_mark_create
1524128 : 0xa98fd23fadaa9b : 2 : ittapi_config_apply_per_lib :  ITTAPI function not implemented: __itt_mark
1524128 : 0xa98fd23fadb51d : 2 : ittapi_config_apply_per_lib :  ITTAPI function not implemented: __itt_mark_off
1524128 : 0xa98fd24028b83f : 2 : ittapi_config_apply_per_lib :  ITTAPI function not implemented: __itt_mark_global
1524128 : 0xa98fd240293037 : 2 : ittapi_config_apply_per_lib :  ITTAPI function not implemented: __itt_mark_global_off
1524128 : 0xa98fd240296aab : 2 : ittapi_config_apply_per_lib :  ITTAPI function NOT instrumented (not matched by --itt-config option): __itt_stack_caller_create

1524128 : 0xa98fd240298a2d : 2 : ittapi_config_apply_per_lib :  ITTAPI function NOT instrumented (not matched by --itt-config option): __itt_stack_caller_destroy

1524128 : 0xa98fd2402991e7 : 2 : ittapi_config_apply_per_lib :  ITTAPI function NOT instrumented (not matched by --itt-config option): __itt_stack_callee_enter

1524128 : 0xa98fd240299aad : 2 : ittapi_config_apply_per_lib :  ITTAPI function NOT instrumented (not matched by --itt-config option): __itt_stack_callee_leave

1524128 : 0xa98fd24029a61b : 2 : ittapi_config_apply_per_lib :  ITTAPI function not implemented: __itt_clock_domain_create
1524128 : 0xa98fd24029b061 : 2 : ittapi_config_apply_per_lib :  ITTAPI function not implemented: __itt_clock_domain_reset
1524128 : 0xa98fd24029b8af : 2 : ittapi_config_apply_per_lib :  ITTAPI function not implemented: __itt_id_create_ex
1524128 : 0xa98fd24029c1e5 : 2 : ittapi_config_apply_per_lib :  ITTAPI function not implemented: __itt_id_destroy_ex
1524128 : 0xa98fd240b6a9f1 : 2 : ittapi_config_apply_per_lib :  ITTAPI function not implemented: __itt_task_begin_ex
1524128 : 0xa98fd240b711c9 : 2 : ittapi_config_apply_per_lib :  ITTAPI function not implemented: __itt_task_begin_fn_ex
1524128 : 0xa98fd240b729b3 : 2 : ittapi_config_apply_per_lib :  ITTAPI function not implemented: __itt_task_end_ex
1524128 : 0xa98fd240b7375f : 2 : ittapi_config_apply_per_lib :  ITTAPI function instrumented: __itt_task_begin_overlapped
1524128 : 0xa98fd240b742a5 : 2 : ittapi_config_apply_per_lib :  ITTAPI function not implemented: __itt_task_begin_overlapped_ex
1524128 : 0xa98fd240b74ec5 : 2 : ittapi_config_apply_per_lib :  ITTAPI function instrumented: __itt_task_end_overlapped
1524128 : 0xa98fd240b758f9 : 2 : ittapi_config_apply_per_lib :  ITTAPI function not implemented: __itt_task_end_overlapped_ex
1524128 : 0xa98fd240b76539 : 2 : ittapi_config_apply_per_lib :  ITTAPI function not implemented: __itt_marker_ex
1524128 : 0xa98fd240b77135 : 2 : ittapi_config_apply_per_lib :  ITTAPI function not implemented: __itt_metadata_add_with_scope
1524128 : 0xa98fd240b77dad : 2 : ittapi_config_apply_per_lib :  ITTAPI function not implemented: __itt_metadata_str_add_with_scope
1524128 : 0xa98fd241301d57 : 2 : ittapi_config_apply_per_lib :  ITTAPI function not implemented: __itt_relation_add_to_current_ex
1524128 : 0xa98fd241307bab : 2 : ittapi_config_apply_per_lib :  ITTAPI function not implemented: __itt_relation_add_ex
1524128 : 0xa98fd24130a37b : 2 : ittapi_config_apply_per_lib :  ITTAPI function not implemented: __itt_track_group_create
1524128 : 0xa98fd24130ac8d : 2 : ittapi_config_apply_per_lib :  ITTAPI function not implemented: __itt_track_create
1524128 : 0xa98fd24130b789 : 2 : ittapi_config_apply_per_lib :  ITTAPI function not implemented: __itt_set_track
1524128 : 0xa98fd24130c307 : 2 : ittapi_config_apply_per_lib :  ITTAPI function instrumented: __itt_api_version
1524128 : 0xa98fd24130cdc5 : 2 : ittapi_config_apply_per_lib :  ITTAPI function not implemented: __itt_av_save
1524128 : 0xa98fd24130d9c9 : 2 : ittapi_config_apply_per_lib :  ITTAPI function instrumented: __itt_module_load
1524128 : 0xa98fd24130e4e1 : 2 : ittapi_config_apply_per_lib :  ITTAPI function not implemented: __itt_module_unload