Info: *******************************************************************
Info: Running Quartus Prime Shell
    Info: Version 19.2.0 Build 57 06/24/2019 Patches 0.01rc SJ Pro Edition
    Info: Copyright (C) 2019  Intel Corporation. All rights reserved.
    Info: Your use of Intel Corporation's design tools, logic functions 
    Info: and other software and tools, and any partner logic 
    Info: functions, and any output files from any of the foregoing 
    Info: (including device programming or simulation files), and any 
    Info: associated documentation or information are expressly subject 
    Info: to the terms and conditions of the Intel Program License 
    Info: Subscription Agreement, the Intel Quartus Prime License Agreement,
    Info: the Intel FPGA IP License Agreement, or other applicable license
    Info: agreement, including, without limitation, that your use is for
    Info: the sole purpose of programming logic devices manufactured by
    Info: Intel and sold by Intel or its authorized distributors.  Please
    Info: refer to the applicable agreement for further details, at
    Info: https://fpgasoftware.intel.com/eula.
    Info: Processing started: Wed May 31 18:52:37 2023
Info: Command: quartus_sh -t scripts/import_opencl_kernel.tcl
Info: Using INI file /home/u193422/eece-6540-labs/Labs/lab1/matrix_multi/bin/matrix_multi_fpga/build/quartus.ini
importing: ../reports
importing: ../kernel_hdl
importing: ../sys_description.hex
importing: ../matrix_multi_fpga.bc.xml
importing: ../opencl.ipx
importing: ../quartuserr.tmp
importing: ../matrix_multi_fpga_sys.v
importing: ../matrix_multi_fpga.log
importing: ../llc.err
importing: ../automigration.rpt
importing: ../autodiscovery.xml
importing: ../kernel_system.qip
importing: ../matrix_multi_fpga_sys_hw.tcl
importing: ../cra_ring_rom.params
importing: ../quartus_sh_compile.log
importing: ../ip_include.tcl
importing: ../kernel_system.v
importing: ../sys_description.txt
importing: ../compiler_metrics.out
importing: ../sys_description.legend.txt
importing: ../matrix_multi_fpga.v
Info (23030): Evaluation of Tcl script scripts/import_opencl_kernel.tcl was successful
Info: Quartus Prime Shell was successful. 0 errors, 0 warnings
    Info: Peak virtual memory: 1000 megabytes
    Info: Processing ended: Wed May 31 18:52:38 2023
    Info: Elapsed time: 00:00:01
Info: *******************************************************************
Info: Running Quartus Prime Shell
    Info: Version 19.2.0 Build 57 06/24/2019 Patches 0.01rc SJ Pro Edition
    Info: Copyright (C) 2019  Intel Corporation. All rights reserved.
    Info: Your use of Intel Corporation's design tools, logic functions 
    Info: and other software and tools, and any partner logic 
    Info: functions, and any output files from any of the foregoing 
    Info: (including device programming or simulation files), and any 
    Info: associated documentation or information are expressly subject 
    Info: to the terms and conditions of the Intel Program License 
    Info: Subscription Agreement, the Intel Quartus Prime License Agreement,
    Info: the Intel FPGA IP License Agreement, or other applicable license
    Info: agreement, including, without limitation, that your use is for
    Info: the sole purpose of programming logic devices manufactured by
    Info: Intel and sold by Intel or its authorized distributors.  Please
    Info: refer to the applicable agreement for further details, at
    Info: https://fpgasoftware.intel.com/eula.
    Info: Processing started: Wed May 31 18:52:39 2023
Info: Command: quartus_sh -t add_bbb_to_pr_project.tcl
Info: Using INI file /home/u193422/eece-6540-labs/Labs/lab1/matrix_multi/bin/matrix_multi_fpga/build/quartus.ini
Critical Warning (125091): Tcl error: couldn't read file "a10_hpr_floorplan.qsf": no such file or directory
    while executing
"source a10_hpr_floorplan.qsf"
    (file "afu_ip_gt.qsf" line 61)
Error (125080): Can't open project -- Quartus Prime Settings File contains one or more errors
Error (23035): Tcl error: ERROR: You must open a project before you can use this command.

    while executing
"set_global_assignment -name SEARCH_PATH $CCIP_AVMM_SRC/hw/rtl"
    (file "./BBB_ccip_avmm/hw/par/ccip_avmm_addenda.qsf" line 14)
    invoked from within
"source "$CCIP_AVMM_SRC/hw/par/ccip_avmm_addenda.qsf""
    (procedure "add_bbb_assignments" line 4)
    invoked from within
"add_bbb_assignments"
    (file "add_bbb_to_pr_project.tcl" line 30)
Error (23031): Evaluation of Tcl script add_bbb_to_pr_project.tcl unsuccessful
Error: Quartus Prime Shell was unsuccessful. 3 errors, 1 warning
    Error: Peak virtual memory: 1128 megabytes
    Error: Processing ended: Wed May 31 18:52:41 2023
    Error: Elapsed time: 00:00:02
